<?xml version="1.0" encoding="UTF-8"?>
<!-- Generated by org.testng.reporters.JUnitReportReporter -->
<testsuite hostname="Bose-Family-PC" failures="0" tests="3" name="orange_hrm.Sample_allure_demo" time="1.478" errors="0" timestamp="2024-11-13T01:44:24 EST" skipped="0">
  <testcase classname="orange_hrm.Sample_allure_demo" name="tnlogin" time="0.808"/>
  <testcase classname="orange_hrm.Sample_allure_demo" name="Addingproducts" time="0.386"/>
  <testcase classname="orange_hrm.Sample_allure_demo" name="logout" time="0.284"/>
</testsuite> <!-- orange_hrm.Sample_allure_demo -->
